Reynolds: 346153.8461538461\nMach: 0.08816009873931058
  -6.00000000     -0.227951005       1.47770001E-02  -9.24020037E-02
  -5.50000000     -0.176732004       1.42620001E-02  -9.14969966E-02
  -5.00000000     -0.125229001       1.38010001E-02  -9.06450003E-02
  -4.50000000      -7.33319968E-02   1.33920005E-02  -8.98080021E-02
  -4.00000000      -1.95739996E-02   1.30759999E-02  -8.94119963E-02
  -3.50000000       3.27549987E-02   1.27200000E-02  -8.86740014E-02
  -3.00000000       8.56330022E-02   1.23859998E-02  -8.78970027E-02
  -2.50000000      0.139026999       1.21950004E-02  -8.71979967E-02
  -2.00000000      0.192511007       1.20660001E-02  -8.65359977E-02
  -1.50000000      0.245965004       1.19610000E-02  -8.58820006E-02
  -1.00000000      0.299340993       1.18699996E-02  -8.52319971E-02
 -0.500000000      0.352598995       1.17880004E-02  -8.45760033E-02
   0.00000000      0.405685008       1.17140003E-02  -8.39070007E-02
   9.50000000       1.27104497       1.30449999E-02  -5.42640015E-02
   9.00000000       1.23584604       1.28380004E-02  -5.65729998E-02
   8.50000000       1.19860005       1.26860002E-02  -5.87829985E-02
   8.00000000       1.15988398       1.25770001E-02  -6.09470010E-02
   7.50000000       1.11990094       1.25089996E-02  -6.30770028E-02
   7.00000000       1.07869101       1.24700004E-02  -6.51540011E-02
   6.50000000       1.03617001       1.24410000E-02  -6.71230033E-02
   6.00000000      0.992729008       1.24319997E-02  -6.90499991E-02
   5.50000000      0.948373973       1.24380002E-02  -7.09170029E-02
   5.00000000      0.902769983       1.24500003E-02  -7.26260021E-02
   4.00000000      0.807079971       1.24740005E-02  -7.53009990E-02
   3.50000000      0.757942021       1.24890003E-02  -7.64539987E-02
   3.00000000      0.708148003       1.25059998E-02  -7.75189996E-02
   2.50000000      0.657808006       1.25190001E-02  -7.85169974E-02
   2.00000000      0.607016027       1.25460001E-02  -7.94569999E-02
   15.0000000       1.40659797       3.88499983E-02  -3.88659984E-02
   14.5000000       1.41336095       3.28680016E-02  -3.72739993E-02
   14.0000000       1.41780698       2.77520008E-02  -3.64519991E-02
   13.5000000       1.42434096       2.30839998E-02  -3.65200005E-02
   13.0000000       1.42792296       1.94760002E-02  -3.77659984E-02
   12.5000000       1.42479801       1.71900000E-02  -4.01160009E-02
   12.0000000       1.40951598       1.58290006E-02  -4.24080007E-02
   11.5000000       1.38852096       1.48870004E-02  -4.47489992E-02
   11.0000000       1.36282206       1.42059997E-02  -4.70510013E-02
   10.5000000       1.33445203       1.36829996E-02  -4.94030006E-02
   10.0000000       1.30351496       1.33069996E-02  -5.17829992E-02
   1.50000000      0.555826008       1.25789996E-02  -8.03489983E-02
   1.00000000      0.504287004       1.26179997E-02  -8.12000036E-02
  0.500000000      0.452470988       1.26729999E-02  -8.20209980E-02
   0.00000000      0.400404990       1.27240000E-02  -8.28119963E-02
   4.50000000      0.855455995       1.24620004E-02  -7.40450025E-02
