Reynolds: 346153\nMach: 0.03
  -6.00000000     -0.643459976       1.57999995E-04  -5.48100006E-03
  -5.50000000     -0.591229022       1.42000004E-04  -4.72499989E-03
  -5.00000000     -0.539448977       1.27000007E-04  -4.03300021E-03
  -4.50000000     -0.486153990       1.12000002E-04  -3.49100004E-03
  -4.00000000     -0.434547007       1.02999998E-04  -3.02399998E-03
  -3.50000000     -0.380035013       8.90000010E-05  -2.61300011E-03
  -3.00000000     -0.325677007       7.59999966E-05  -2.22799997E-03
  -2.50000000     -0.271338999       6.29999995E-05  -1.85600005E-03
  -2.00000000     -0.217005000       4.89999984E-05  -1.49299996E-03
  -1.50000000     -0.162664995       3.60000013E-05  -1.13500003E-03
  -1.00000000     -0.108322002       2.30000005E-05  -7.80000002E-04
 -0.500000000      -5.39750010E-02   9.99999975E-06  -4.26999992E-04
   0.00000000       3.11000011E-04  -1.99999999E-06  -7.79999973E-05
   0.00000000       3.04999994E-04  -1.99999999E-06  -7.59999966E-05
  0.500000000       5.44379987E-02  -1.49999996E-05   2.74999999E-04
   1.00000000      0.108502001      -2.70000000E-05   6.38999976E-04
   1.50000000      0.162554994      -3.89999987E-05   1.00499997E-03
   2.00000000      0.216599002      -5.19999994E-05   1.37499999E-03
   2.50000000      0.270621002      -6.39999998E-05   1.74900005E-03
   3.00000000      0.324625999      -7.69999970E-05   2.13099993E-03
   3.50000000      0.378605992      -8.90000010E-05   2.52299989E-03
   4.00000000      0.432637006      -1.01999998E-04   2.92899995E-03
   4.50000000      0.486842006      -1.15000003E-04   3.42099997E-03
   5.00000000      0.539988995      -1.28000000E-04   3.99699993E-03
   5.50000000      0.591576993      -1.42000004E-04   4.72499989E-03
   6.00000000      0.643651009      -1.57000002E-04   5.50699979E-03
   6.50000000      0.692757010      -1.74999994E-04   6.43499987E-03
   7.00000000      0.743771970      -1.92000007E-04   7.28099979E-03
   7.50000000      0.791800976      -2.11999999E-04   8.04900005E-03
   8.00000000      0.840067029      -2.57999985E-04   8.32800008E-03
   8.50000000      0.884795010      -3.03000008E-04   8.71500000E-03
   9.00000000      0.913318992      -4.27999999E-04   6.21300004E-03
