Reynolds: 346153\nMach: 0.03
  -6.00000000     -0.228220001      -2.03000003E-04  -9.22639966E-02
  -5.50000000     -0.176887006      -1.95000001E-04  -9.13870037E-02
  -5.00000000     -0.125370994      -1.88000005E-04  -9.05330032E-02
  -4.50000000      -7.33449981E-02  -1.80999996E-04  -8.97269994E-02
  -4.00000000      -1.93259995E-02  -1.82000003E-04  -8.93749967E-02
  -3.50000000       3.31499986E-02  -1.76999994E-04  -8.86740014E-02
  -3.00000000       8.60799998E-02  -1.72000000E-04  -8.79459977E-02
  -2.50000000      0.139613003      -1.69000006E-04  -8.72730017E-02
  -2.00000000      0.193228006      -1.65999998E-04  -8.66380036E-02
  -1.50000000      0.246793002      -1.65000005E-04  -8.60110000E-02
  -1.00000000      0.300283015      -1.63000004E-04  -8.53860006E-02
 -0.500000000      0.353664011      -1.61999997E-04  -8.47579986E-02
   0.00000000      0.406870008      -1.61000004E-04  -8.41159970E-02
   0.00000000      0.401616991      -1.55000002E-04  -8.30250010E-02
  0.500000000      0.453817010      -1.53999994E-04  -8.22630003E-02
   1.00000000      0.505783975      -1.53999994E-04  -8.14730003E-02
   1.50000000      0.557483971      -1.53999994E-04  -8.06559995E-02
   2.00000000      0.608838975      -1.53999994E-04  -7.97979981E-02
   2.50000000      0.659816980      -1.55999995E-04  -7.88950026E-02
   3.00000000      0.710367978      -1.57000002E-04  -7.79360011E-02
   3.50000000      0.760375023      -1.59999996E-04  -7.69129992E-02
   4.00000000      0.809764981      -1.63000004E-04  -7.58090019E-02
   4.50000000      0.858411014      -1.67000006E-04  -7.46029988E-02
   5.00000000      0.906157017      -1.71000007E-04  -7.32690021E-02
   5.50000000      0.952229977      -1.72999993E-04  -7.16459975E-02
   6.00000000      0.996899009      -1.78000002E-04  -6.98269978E-02
   6.50000000       1.04060900      -1.90999999E-04  -6.79330006E-02
   7.00000000       1.08344805      -2.09999998E-04  -6.60009980E-02
   7.50000000       1.12502503      -2.34000006E-04  -6.39659986E-02
   8.00000000       1.16533506      -2.61000008E-04  -6.18619993E-02
   8.50000000       1.20445895      -2.91000004E-04  -5.97320013E-02
   9.00000000       1.24219203      -3.21000000E-04  -5.75600006E-02
   9.50000000       1.27798903      -3.50999995E-04  -5.52960001E-02
   10.0000000       1.31101298      -3.80000012E-04  -5.28389998E-02
   10.5000000       1.34250498      -4.10999986E-04  -5.04660010E-02
   11.0000000       1.37152100      -4.42999997E-04  -4.81170006E-02
   11.5000000       1.39749205      -4.78000002E-04  -4.57759984E-02
   12.0000000       1.41932702      -5.13000006E-04  -4.34199981E-02
   12.5000000       1.43446398      -5.53000020E-04  -4.10030000E-02
   13.0000000       1.43594503      -5.98000013E-04  -3.84990014E-02
   13.5000000       1.43054199      -6.52000017E-04  -3.71479988E-02
   14.0000000       1.42345297      -7.07000028E-04  -3.70349996E-02
   14.5000000       1.41623497      -7.61999981E-04  -3.79329994E-02
   15.0000000       1.40614104      -8.18000000E-04  -3.97199988E-02
