Reynolds: 346153\nMach: 0.03
  -6.00000000     -0.618596971       1.59660000E-02  -1.10320002E-02
  -5.50000000     -0.569808006       1.46310003E-02  -9.83600039E-03
  -5.00000000     -0.519468009       1.35540003E-02  -8.77100043E-03
  -4.50000000     -0.468787998       1.24249998E-02  -7.79799977E-03
  -4.00000000     -0.419389009       1.11790001E-02  -6.88300002E-03
  -3.50000000     -0.366816998       1.08979996E-02  -6.00699987E-03
  -3.00000000     -0.314352989       1.06619997E-02  -5.15499990E-03
  -2.50000000     -0.261898011       1.04630003E-02  -4.31399979E-03
  -2.00000000     -0.209383994       1.03019997E-02  -3.48700001E-03
  -1.50000000     -0.156919003       1.01810005E-02  -2.65799998E-03
  -1.00000000     -0.104455002       1.00560002E-02  -1.81900000E-03
 -0.500000000      -5.18999994E-02   1.00069996E-02  -9.96000017E-04
   0.00000000       5.41999994E-04   9.99599975E-03  -1.57000002E-04
   0.00000000       5.40999987E-04   1.07610002E-02  -1.55000002E-04
  0.500000000       5.28410003E-02   1.07939998E-02   6.71999995E-04
   1.00000000      0.105130002       1.08679999E-02   1.50100002E-03
   1.50000000      0.157391995       1.09879998E-02   2.33100005E-03
   2.00000000      0.209739998       1.11929998E-02   3.14599997E-03
   2.50000000      0.261945993       1.13930004E-02   3.97300022E-03
   3.00000000      0.314112008       1.16299996E-02   4.80900006E-03
   3.50000000      0.366239995       1.19179999E-02   5.65799978E-03
