Reynolds: 346153\nMach: 0.03
  -6.00000000     -0.643459976       1.31029999E-02  -5.48100006E-03
  -5.50000000     -0.591229022       1.24430005E-02  -4.72499989E-03
  -5.00000000     -0.539448977       1.16630001E-02  -4.03300021E-03
  -4.50000000     -0.486153990       1.08690001E-02  -3.49100004E-03
  -4.00000000     -0.434547007       1.01129999E-02  -3.02399998E-03
  -3.50000000     -0.380035013       1.02749998E-02  -2.61300011E-03
  -3.00000000     -0.325677007       1.04130004E-02  -2.22799997E-03
  -2.50000000     -0.271338999       1.05349999E-02  -1.85600005E-03
  -2.00000000     -0.217005000       1.06380004E-02  -1.49299996E-03
  -1.50000000     -0.162664995       1.07180001E-02  -1.13500003E-03
  -1.00000000     -0.108322002       1.07760001E-02  -7.80000002E-04
 -0.500000000      -5.39750010E-02   1.08089997E-02  -4.26999992E-04
   0.00000000       3.11000011E-04   1.08169997E-02  -7.79999973E-05
   0.00000000       3.04999994E-04   1.15750004E-02  -7.59999966E-05
  0.500000000       5.44379987E-02   1.15670003E-02   2.74999999E-04
   1.00000000      0.108502001       1.15369996E-02   6.38999976E-04
   1.50000000      0.162554994       1.14850001E-02   1.00499997E-03
   2.00000000      0.216599002       1.14160003E-02   1.37499999E-03
   2.50000000      0.270621002       1.13249999E-02   1.74900005E-03
   3.00000000      0.324625999       1.12190004E-02   2.13099993E-03
   3.50000000      0.378605992       1.11010000E-02   2.52299989E-03
   4.00000000      0.432637006       1.09609999E-02   2.92899995E-03
   4.50000000      0.486842006       1.10320002E-02   3.42099997E-03
   5.00000000      0.539988995       1.17960004E-02   3.99699993E-03
   5.50000000      0.591576993       1.25550004E-02   4.72499989E-03
   6.00000000      0.643651009       1.31999999E-02   5.50699979E-03
   6.50000000      0.692757010       1.46390004E-02   6.43499987E-03
   7.00000000      0.743771970       1.56830009E-02   7.28099979E-03
   7.50000000      0.791800976       1.72419995E-02   8.04900005E-03
   8.00000000      0.840067029       2.20710002E-02   8.32800008E-03
   8.50000000      0.884795010       2.62240004E-02   8.71500000E-03
