Reynolds: 35256.41025641026\nMach: 0.08816009873931058
  -3.25000000     -0.330963999       2.15690006E-02  -5.93499979E-03
  -3.00000000     -0.305595011       2.13869996E-02  -5.47200022E-03
  -2.75000000     -0.280171990       2.12190002E-02  -5.01300022E-03
  -2.50000000     -0.254696995       2.10599992E-02  -4.55700001E-03
  -2.25000000     -0.229053006       2.09139995E-02  -4.11499990E-03
  -1.75000000     -0.177916005       2.06909999E-02  -3.21700005E-03
  -1.50000000     -0.152333006       2.05869991E-02  -2.76600011E-03
  -1.25000000     -0.127829999       2.06209999E-02  -2.19099992E-03
  -1.00000000     -0.102790996       2.07269993E-02  -1.73599995E-03
 -0.750000000      -7.73060024E-02   2.07260009E-02  -1.29699998E-03
 -0.500000000      -5.17320000E-02   2.07129996E-02  -8.54999991E-04
 -0.250000000      -2.61250008E-02   2.06990000E-02  -4.11999994E-04
   0.00000000      -2.28000004E-04   2.06850003E-02  -1.60000000E-05
   5.25000000      0.536957979       2.65710000E-02   1.14679998E-02
   4.75000000      0.485601008       2.46430002E-02   1.01800002E-02
   4.50000000      0.461353004       2.38489993E-02   9.38200019E-03
   4.25000000      0.437081009       2.31640004E-02   8.66900012E-03
   4.00000000      0.412530005       2.25230008E-02   8.02300032E-03
   3.75000000      0.387562990       2.19880007E-02   7.52699981E-03
   3.50000000      0.362390995       2.14690007E-02   6.97800005E-03
   3.25000000      0.332603008       2.12409999E-02   5.88400010E-03
   3.00000000      0.307227999       2.10280009E-02   5.42900013E-03
   2.75000000      0.281870991       2.08119992E-02   4.98200022E-03
   2.50000000      0.256623000       2.05729995E-02   4.54000011E-03
   2.25000000      0.231968001       2.02060007E-02   4.08399990E-03
   2.00000000      0.208747998       1.96519997E-02   3.40200006E-03
   1.75000000      0.182641998       1.95799991E-02   2.97900010E-03
   1.50000000      0.156341001       1.94010008E-02   2.56099994E-03
   1.25000000      0.130261004       1.93520002E-02   2.12699990E-03
   1.00000000      0.104149997       1.93189997E-02   1.69499998E-03
  0.750000000       7.80560002E-02   1.92980003E-02   1.26000005E-03
  0.500000000       5.19680008E-02   1.92830004E-02   8.24999996E-04
  0.250000000       2.58869994E-02   1.92750003E-02   3.91000009E-04
   0.00000000      -2.20000002E-04   1.92649998E-02  -1.49999996E-05
  -2.00000000     -0.203492001       2.07989998E-02  -3.66599998E-03
   5.00000000      0.510453999       2.55190004E-02   1.09090004E-02
